

<!DOCTYPE html>
<html>
<head>
<meta charset="UTF-8">
<meta name="viewport" content="width=device-width, initial-scale=1, shrink-to-fit=no">
<title></title>
<link rel="apple-touch-icon" href="https://cdn.jsdelivr.net/gh/extent-framework/extent-github-cdn@b00a2d0486596e73dd7326beacf352c639623a0e/commons/img/logo.png">
<link rel="shortcut icon" href="https://cdn.jsdelivr.net/gh/extent-framework/extent-github-cdn@b00a2d0486596e73dd7326beacf352c639623a0e/commons/img/logo.png">
<link href="https://cdn.jsdelivr.net/gh/extent-framework/extent-github-cdn@d6562a79075e061305ccfdb82f01e5e195e2d307/spark/css/spark-style.css" rel="stylesheet" />
<link href="https://stackpath.bootstrapcdn.com/font-awesome/4.7.0/css/font-awesome.min.css" rel="stylesheet">
<script src="https://cdn.rawgit.com/extent-framework/extent-github-cdn/7cc78ce/spark/js/jsontree.js"></script>
<style type="text/css"></style></head><body class="spa -report standard">
  <div class="app">
    <div class="layout">
<div class="header navbar">
<div class="vheader">
<div class="nav-logo">
<a href="#">
<div class="logo" style="background-image: url('https://cdn.jsdelivr.net/gh/extent-framework/extent-github-cdn@b00a2d0486596e73dd7326beacf352c639623a0e/commons/img/logo.png')"></div>
</a>
</div>
<ul class="nav-left">
<li class="search-box">
<a class="search-toggle" href="#">
<i class="search-icon fa fa-search"></i>
<i class="search-icon-close fa fa-close"></i>
</a>
</li>
<li class="search-input"><input id="search-tests" class="form-control" type="text" placeholder="Search..."></li>
</ul>
<ul class="nav-right">
<li class="m-r-10">
<a href="#"><span class="badge badge-primary">Open Cart Automation Test Results</span></a>
</li>
<li class="m-r-10">
<a href="#"><span class="badge badge-primary">Aug 20, 2022 09:14:34 am</span></a>
</li>
</ul>
</div>
</div><div class="side-nav">
<div class="side-nav-inner">
<ul class="side-nav-menu">
<li class="nav-item dropdown" onclick="toggleView('test-view')">
<a id="nav-test" class="dropdown-toggle" href="#">
<span class="ico"><i class="fa fa-list"></i></span>
</a>
</li>
<li class="nav-item dropdown" onclick="toggleView('exception-view')">
<a id="nav-exception" class="dropdown-toggle" href="#">
<span class="ico"><i class="fa fa-bug"></i></span>
</a>
</li>
<li class="nav-item dropdown" onclick="toggleView('category-view')">
<a id="nav-category" class="dropdown-toggle" href="#">
<span class="ico"><i class="fa fa-tag"></i></span>
</a>
</li>
<li class="nav-item dropdown" onclick="toggleView('dashboard-view')">
<a id="nav-dashboard" class="dropdown-toggle" href="#">
<span class="ico"><i class="fa fa-bar-chart"></i></span>
</a>
</li>
</ul>
</div>
</div>      <div class="vcontainer">
        <div class="main-content">
<div class="test-wrapper row view test-view">
  <div class="test-list">
    <div class="test-list-tools">
<ul class="tools pull-left">
<li><a href="#"><span class="font-size-14">Tests</span></a></li>
</ul>
<ul class="tools text-right">
<li class="dropdown">
<a href="#" class="dropdown-toggle" data-toggle="dropdown"><i class="fa fa-exclamation-circle"></i></a>
<ul id="status-toggle" class="dropdown-menu dropdown-md p-v-0">
<a class="dropdown-item" status="pass" href="#"><span>Pass</span><span class="status success"></span></a>
<a class="dropdown-item" status="fail" href="#"><span>Fail</span><span class="status danger"></span></a>
<a class="dropdown-item" status="skip" href="#"><span>Skip</span><span class="status warning"></span></a>
<div class="dropdown-divider"></div>
<a status="clear" class="dropdown-item" href="#"><span>Clear</span><span class="pull-right"><i class="fa fa-close"></i></span></a>
</ul>
</li>
<li class="dropdown">
<a href="#" class="dropdown-toggle" data-toggle="dropdown"><i class="fa fa-tag"></i></a>
<ul id="tag-toggle" class="dropdown-menu dropdown-md p-v-0">
<a class="dropdown-item" href="#">LoginPageTest</a><a class="dropdown-item" href="#">OpencartAppTestRegressionSuite</a><a class="dropdown-item" href="#">ProductSearchTest</a><a class="dropdown-item" href="#">AccountsPageTest</a>
</ul>
</li>
</ul>
</div>    <div class="test-list-wrapper scrollable">
      <ul class="test-list-item">
        <li class="test-item"  status="pass" test-id="1"
          author=""
          tag="ProductSearchTest OpencartAppTestRegressionSuite"
          device="">
          <div class="test-detail">
            <p class="name">productInfoTest</p>
            <p class="text-sm">
              <span>9:14:44 am</span> / <span>00:00:03:308</span>
              <span class="badge pass-bg log float-right">Pass</span>
            </p>
          </div>
          <div class="test-contents d-none">
<div class="detail-head">
<div class="p-v-10">
<div class="info">
<h5 class="test-status text-pass">productInfoTest</h5>
<span class='badge badge-success'>08.20.2022 9:14:44 am</span>
<span class='badge badge-danger'>08.20.2022 9:14:47 am</span>
<span class='badge badge-default'>00:00:03:308</span>
&middot; <span class='uri-anchor badge badge-default'>#test-id=1</span>
<span class='badge badge-default pointer float-right ml-1 et'><i class="fa fa-chevron-down"></i></span>
<span class='badge badge-default pointer float-right ct'><i class="fa fa-chevron-up"></i></span>
</div>
<div class="m-t-15"><span class="badge badge-pill badge-default">ProductSearchTest</span>
<span class="badge badge-pill badge-default">OpencartAppTestRegressionSuite</span></div>
</div>
</div><div class="detail-body mt-4">
<table class="table table-sm">
  <thead><tr><th class="status-col">Status</th><th class="timestamp-col">Timestamp</th><th class="details-col">Details</th></tr></thead>
  <tbody>
      <tr class="event-row">
        <td><span class="badge log pass-bg">Pass</span></td>
        <td>9:14:47 am</td>
        <td>
          Test passed
        </td>
      </tr>
  </tbody>
</table>
</div>
          </div>
        </li>
        <li class="test-item"  status="skip" test-id="2"
          author=""
          tag="LoginPageTest OpencartAppTestRegressionSuite"
          device="">
          <div class="test-detail">
            <p class="name">forgotPwdLinkExistTest</p>
            <p class="text-sm">
              <span>9:14:45 am</span> / <span>00:00:05:159</span>
              <span class="badge skip-bg log float-right">Skip</span>
            </p>
          </div>
          <div class="test-contents d-none">
<div class="detail-head">
<div class="p-v-10">
<div class="info">
<h5 class="test-status text-skip">forgotPwdLinkExistTest</h5>
<span class='badge badge-success'>08.20.2022 9:14:45 am</span>
<span class='badge badge-danger'>08.20.2022 9:14:50 am</span>
<span class='badge badge-default'>00:00:05:159</span>
&middot; <span class='uri-anchor badge badge-default'>#test-id=2</span>
<span class='badge badge-default pointer float-right ml-1 et'><i class="fa fa-chevron-down"></i></span>
<span class='badge badge-default pointer float-right ct'><i class="fa fa-chevron-up"></i></span>
</div>
<div class="m-t-15"><span class="badge badge-pill badge-default">LoginPageTest</span>
<span class="badge badge-pill badge-default">OpencartAppTestRegressionSuite</span></div>
</div>
</div><div class="detail-body mt-4">
<table class="table table-sm">
  <thead><tr><th class="status-col">Status</th><th class="timestamp-col">Timestamp</th><th class="details-col">Details</th></tr></thead>
  <tbody>
      <tr class="event-row">
        <td><span class="badge log skip-bg">Skip</span></td>
        <td>9:14:50 am</td>
        <td>
          <textarea readonly class="code-block">org.openqa.selenium.TimeoutException: Expected condition failed: waiting for presence of element located by: By.id: Forgotten Password (tried for 5 second(s) with 500 milliseconds interval)
	at org.openqa.selenium.support.ui.WebDriverWait.timeoutException(WebDriverWait.java:87)
	at org.openqa.selenium.support.ui.FluentWait.until(FluentWait.java:231)
	at com.qa.opencart.utils.ElemenrUtil.waitForElementPresence(ElemenrUtil.java:362)
	at com.qa.opencart.pages.LoginPage.isForgotPasswordLinkExists(LoginPage.java:41)
	at com.qa.opencart.test.LoginPageTest.forgotPwdLinkExistTest(LoginPageTest.java:27)
	at java.base/jdk.internal.reflect.NativeMethodAccessorImpl.invoke0(Native Method)
	at java.base/jdk.internal.reflect.NativeMethodAccessorImpl.invoke(NativeMethodAccessorImpl.java:64)
	at java.base/jdk.internal.reflect.DelegatingMethodAccessorImpl.invoke(DelegatingMethodAccessorImpl.java:43)
	at java.base/java.lang.reflect.Method.invoke(Method.java:564)
	at org.testng.internal.MethodInvocationHelper.invokeMethod(MethodInvocationHelper.java:124)
	at org.testng.internal.Invoker.invokeMethod(Invoker.java:583)
	at org.testng.internal.Invoker.invokeTestMethod(Invoker.java:719)
	at org.testng.internal.Invoker.invokeTestMethods(Invoker.java:989)
	at org.testng.internal.TestMethodWorker.invokeTestMethods(TestMethodWorker.java:125)
	at org.testng.internal.TestMethodWorker.run(TestMethodWorker.java:109)
	at org.testng.TestRunner.privateRun(TestRunner.java:648)
	at org.testng.TestRunner.run(TestRunner.java:505)
	at org.testng.SuiteRunner.runTest(SuiteRunner.java:455)
	at org.testng.SuiteRunner.access$000(SuiteRunner.java:40)
	at org.testng.SuiteRunner$SuiteWorker.run(SuiteRunner.java:489)
	at org.testng.internal.thread.ThreadUtil$1.call(ThreadUtil.java:52)
	at java.base/java.util.concurrent.FutureTask.run(FutureTask.java:264)
	at java.base/java.util.concurrent.ThreadPoolExecutor.runWorker(ThreadPoolExecutor.java:1130)
	at java.base/java.util.concurrent.ThreadPoolExecutor$Worker.run(ThreadPoolExecutor.java:630)
	at java.base/java.lang.Thread.run(Thread.java:832)
Caused by: org.openqa.selenium.NoSuchElementException: no such element: Unable to locate element: {"method":"css selector","selector":"#Forgotten\ Password"}
  (Session info: chrome=104.0.5112.80)
For documentation on this error, please visit: https://selenium.dev/exceptions/#no_such_element
Build info: version: '4.2.1', revision: 'ac4d0fdd4a'
System info: host: 'DESKTOP-FB37VM8', ip: '192.168.100.5', os.name: 'Windows 10', os.arch: 'amd64', os.version: '10.0', java.version: '15.0.2'
Driver info: org.openqa.selenium.chrome.ChromeDriver
Command: [d8c9433a278567f2854bc380344354ac, findElement {using=id, value=Forgotten Password}]
Capabilities {acceptInsecureCerts: false, browserName: chrome, browserVersion: 104.0.5112.80, chrome: {chromedriverVersion: 104.0.5112.79 (3cf3e8c8a07d..., userDataDir: C:\Users\dines\AppData\Loca...}, goog:chromeOptions: {debuggerAddress: localhost:51087}, networkConnectionEnabled: false, pageLoadStrategy: normal, platformName: WINDOWS, proxy: Proxy(), se:cdp: ws://localhost:51087/devtoo..., se:cdpVersion: 104.0.5112.80, setWindowRect: true, strictFileInteractability: false, timeouts: {implicit: 0, pageLoad: 300000, script: 30000}, unhandledPromptBehavior: dismiss and notify, webauthn:extension:credBlob: true, webauthn:extension:largeBlob: true, webauthn:virtualAuthenticators: true}
Session ID: d8c9433a278567f2854bc380344354ac
	at java.base/jdk.internal.reflect.NativeConstructorAccessorImpl.newInstance0(Native Method)
	at java.base/jdk.internal.reflect.NativeConstructorAccessorImpl.newInstance(NativeConstructorAccessorImpl.java:64)
	at java.base/jdk.internal.reflect.DelegatingConstructorAccessorImpl.newInstance(DelegatingConstructorAccessorImpl.java:45)
	at java.base/java.lang.reflect.Constructor.newInstanceWithCaller(Constructor.java:500)
	at java.base/java.lang.reflect.Constructor.newInstance(Constructor.java:481)
	at org.openqa.selenium.remote.codec.w3c.W3CHttpResponseCodec.createException(W3CHttpResponseCodec.java:200)
	at org.openqa.selenium.remote.codec.w3c.W3CHttpResponseCodec.decode(W3CHttpResponseCodec.java:133)
	at org.openqa.selenium.remote.codec.w3c.W3CHttpResponseCodec.decode(W3CHttpResponseCodec.java:53)
	at org.openqa.selenium.remote.HttpCommandExecutor.execute(HttpCommandExecutor.java:184)
	at org.openqa.selenium.remote.service.DriverCommandExecutor.invokeExecute(DriverCommandExecutor.java:167)
	at org.openqa.selenium.remote.service.DriverCommandExecutor.execute(DriverCommandExecutor.java:142)
	at org.openqa.selenium.remote.RemoteWebDriver.execute(RemoteWebDriver.java:551)
	at org.openqa.selenium.remote.ElementLocation$ElementFinder$2.findElement(ElementLocation.java:162)
	at org.openqa.selenium.remote.ElementLocation.findElement(ElementLocation.java:60)
	at org.openqa.selenium.remote.RemoteWebDriver.findElement(RemoteWebDriver.java:369)
	at org.openqa.selenium.remote.RemoteWebDriver.findElement(RemoteWebDriver.java:361)
	at org.openqa.selenium.support.ui.ExpectedConditions$6.apply(ExpectedConditions.java:174)
	at org.openqa.selenium.support.ui.ExpectedConditions$6.apply(ExpectedConditions.java:171)
	at org.openqa.selenium.support.ui.FluentWait.until(FluentWait.java:208)
	... 23 more
</textarea>
          
    <div class="row mb-3"><div class="col-md-3">
<img data-featherlight='C:\Users\dines\eclipse-workspace\POMSeries/screenshot/forgotPwdLinkExistTest.png' src="C:\Users\dines\eclipse-workspace\POMSeries/screenshot/forgotPwdLinkExistTest.png">
    
    </div></div>
        </td>
      </tr>
  </tbody>
</table>
</div>
          </div>
        </li>
        <li class="test-item"  status="pass" test-id="3"
          author=""
          tag="AccountsPageTest OpencartAppTestRegressionSuite"
          device="">
          <div class="test-detail">
            <p class="name">accPageTitleExist</p>
            <p class="text-sm">
              <span>9:14:45 am</span> / <span>00:00:00:015</span>
              <span class="badge pass-bg log float-right">Pass</span>
            </p>
          </div>
          <div class="test-contents d-none">
<div class="detail-head">
<div class="p-v-10">
<div class="info">
<h5 class="test-status text-pass">accPageTitleExist</h5>
<span class='badge badge-success'>08.20.2022 9:14:45 am</span>
<span class='badge badge-danger'>08.20.2022 9:14:45 am</span>
<span class='badge badge-default'>00:00:00:015</span>
&middot; <span class='uri-anchor badge badge-default'>#test-id=3</span>
<span class='badge badge-default pointer float-right ml-1 et'><i class="fa fa-chevron-down"></i></span>
<span class='badge badge-default pointer float-right ct'><i class="fa fa-chevron-up"></i></span>
</div>
<div class="m-t-15"><span class="badge badge-pill badge-default">AccountsPageTest</span>
<span class="badge badge-pill badge-default">OpencartAppTestRegressionSuite</span></div>
</div>
</div><div class="detail-body mt-4">
<table class="table table-sm">
  <thead><tr><th class="status-col">Status</th><th class="timestamp-col">Timestamp</th><th class="details-col">Details</th></tr></thead>
  <tbody>
      <tr class="event-row">
        <td><span class="badge log pass-bg">Pass</span></td>
        <td>9:14:45 am</td>
        <td>
          Test passed
        </td>
      </tr>
  </tbody>
</table>
</div>
          </div>
        </li>
        <li class="test-item"  status="pass" test-id="4"
          author=""
          tag="AccountsPageTest OpencartAppTestRegressionSuite"
          device="">
          <div class="test-detail">
            <p class="name">accpageHeadersTest</p>
            <p class="text-sm">
              <span>9:14:45 am</span> / <span>00:00:00:133</span>
              <span class="badge pass-bg log float-right">Pass</span>
            </p>
          </div>
          <div class="test-contents d-none">
<div class="detail-head">
<div class="p-v-10">
<div class="info">
<h5 class="test-status text-pass">accpageHeadersTest</h5>
<span class='badge badge-success'>08.20.2022 9:14:45 am</span>
<span class='badge badge-danger'>08.20.2022 9:14:45 am</span>
<span class='badge badge-default'>00:00:00:133</span>
&middot; <span class='uri-anchor badge badge-default'>#test-id=4</span>
<span class='badge badge-default pointer float-right ml-1 et'><i class="fa fa-chevron-down"></i></span>
<span class='badge badge-default pointer float-right ct'><i class="fa fa-chevron-up"></i></span>
</div>
<div class="m-t-15"><span class="badge badge-pill badge-default">AccountsPageTest</span>
<span class="badge badge-pill badge-default">OpencartAppTestRegressionSuite</span></div>
</div>
</div><div class="detail-body mt-4">
<table class="table table-sm">
  <thead><tr><th class="status-col">Status</th><th class="timestamp-col">Timestamp</th><th class="details-col">Details</th></tr></thead>
  <tbody>
      <tr class="event-row">
        <td><span class="badge log pass-bg">Pass</span></td>
        <td>9:14:45 am</td>
        <td>
          Test passed
        </td>
      </tr>
  </tbody>
</table>
</div>
          </div>
        </li>
        <li class="test-item"  status="pass" test-id="5"
          author=""
          tag="AccountsPageTest OpencartAppTestRegressionSuite"
          device="">
          <div class="test-detail">
            <p class="name">isLogoutLinkExist</p>
            <p class="text-sm">
              <span>9:14:45 am</span> / <span>00:00:00:030</span>
              <span class="badge pass-bg log float-right">Pass</span>
            </p>
          </div>
          <div class="test-contents d-none">
<div class="detail-head">
<div class="p-v-10">
<div class="info">
<h5 class="test-status text-pass">isLogoutLinkExist</h5>
<span class='badge badge-success'>08.20.2022 9:14:45 am</span>
<span class='badge badge-danger'>08.20.2022 9:14:45 am</span>
<span class='badge badge-default'>00:00:00:030</span>
&middot; <span class='uri-anchor badge badge-default'>#test-id=5</span>
<span class='badge badge-default pointer float-right ml-1 et'><i class="fa fa-chevron-down"></i></span>
<span class='badge badge-default pointer float-right ct'><i class="fa fa-chevron-up"></i></span>
</div>
<div class="m-t-15"><span class="badge badge-pill badge-default">AccountsPageTest</span>
<span class="badge badge-pill badge-default">OpencartAppTestRegressionSuite</span></div>
</div>
</div><div class="detail-body mt-4">
<table class="table table-sm">
  <thead><tr><th class="status-col">Status</th><th class="timestamp-col">Timestamp</th><th class="details-col">Details</th></tr></thead>
  <tbody>
      <tr class="event-row">
        <td><span class="badge log pass-bg">Pass</span></td>
        <td>9:14:45 am</td>
        <td>
          Test passed
        </td>
      </tr>
  </tbody>
</table>
</div>
          </div>
        </li>
        <li class="test-item"  status="pass" test-id="6"
          author=""
          tag="ProductSearchTest OpencartAppTestRegressionSuite"
          device="">
          <div class="test-detail">
            <p class="name">productSearchTest</p>
            <p class="text-sm">
              <span>9:14:47 am</span> / <span>00:00:02:154</span>
              <span class="badge pass-bg log float-right">Pass</span>
            </p>
          </div>
          <div class="test-contents d-none">
<div class="detail-head">
<div class="p-v-10">
<div class="info">
<h5 class="test-status text-pass">productSearchTest</h5>
<span class='badge badge-success'>08.20.2022 9:14:47 am</span>
<span class='badge badge-danger'>08.20.2022 9:14:49 am</span>
<span class='badge badge-default'>00:00:02:154</span>
&middot; <span class='uri-anchor badge badge-default'>#test-id=6</span>
<span class='badge badge-default pointer float-right ml-1 et'><i class="fa fa-chevron-down"></i></span>
<span class='badge badge-default pointer float-right ct'><i class="fa fa-chevron-up"></i></span>
</div>
<div class="m-t-15"><span class="badge badge-pill badge-default">ProductSearchTest</span>
<span class="badge badge-pill badge-default">OpencartAppTestRegressionSuite</span></div>
</div>
</div><div class="detail-body mt-4">
<table class="table table-sm">
  <thead><tr><th class="status-col">Status</th><th class="timestamp-col">Timestamp</th><th class="details-col">Details</th></tr></thead>
  <tbody>
      <tr class="event-row">
        <td><span class="badge log pass-bg">Pass</span></td>
        <td>9:14:49 am</td>
        <td>
          Test passed
        </td>
      </tr>
  </tbody>
</table>
</div>
          </div>
        </li>
        <li class="test-item"  status="pass" test-id="7"
          author=""
          tag="ProductSearchTest OpencartAppTestRegressionSuite"
          device="">
          <div class="test-detail">
            <p class="name">productSearchTest</p>
            <p class="text-sm">
              <span>9:14:49 am</span> / <span>00:00:01:342</span>
              <span class="badge pass-bg log float-right">Pass</span>
            </p>
          </div>
          <div class="test-contents d-none">
<div class="detail-head">
<div class="p-v-10">
<div class="info">
<h5 class="test-status text-pass">productSearchTest</h5>
<span class='badge badge-success'>08.20.2022 9:14:49 am</span>
<span class='badge badge-danger'>08.20.2022 9:14:51 am</span>
<span class='badge badge-default'>00:00:01:342</span>
&middot; <span class='uri-anchor badge badge-default'>#test-id=7</span>
<span class='badge badge-default pointer float-right ml-1 et'><i class="fa fa-chevron-down"></i></span>
<span class='badge badge-default pointer float-right ct'><i class="fa fa-chevron-up"></i></span>
</div>
<div class="m-t-15"><span class="badge badge-pill badge-default">ProductSearchTest</span>
<span class="badge badge-pill badge-default">OpencartAppTestRegressionSuite</span></div>
</div>
</div><div class="detail-body mt-4">
<table class="table table-sm">
  <thead><tr><th class="status-col">Status</th><th class="timestamp-col">Timestamp</th><th class="details-col">Details</th></tr></thead>
  <tbody>
      <tr class="event-row">
        <td><span class="badge log pass-bg">Pass</span></td>
        <td>9:14:51 am</td>
        <td>
          Test passed
        </td>
      </tr>
  </tbody>
</table>
</div>
          </div>
        </li>
        <li class="test-item"  status="skip" test-id="8"
          author=""
          tag="LoginPageTest OpencartAppTestRegressionSuite"
          device="">
          <div class="test-detail">
            <p class="name">forgotPwdLinkExistTest</p>
            <p class="text-sm">
              <span>9:14:50 am</span> / <span>00:00:05:258</span>
              <span class="badge skip-bg log float-right">Skip</span>
            </p>
          </div>
          <div class="test-contents d-none">
<div class="detail-head">
<div class="p-v-10">
<div class="info">
<h5 class="test-status text-skip">forgotPwdLinkExistTest</h5>
<span class='badge badge-success'>08.20.2022 9:14:50 am</span>
<span class='badge badge-danger'>08.20.2022 9:14:55 am</span>
<span class='badge badge-default'>00:00:05:258</span>
&middot; <span class='uri-anchor badge badge-default'>#test-id=8</span>
<span class='badge badge-default pointer float-right ml-1 et'><i class="fa fa-chevron-down"></i></span>
<span class='badge badge-default pointer float-right ct'><i class="fa fa-chevron-up"></i></span>
</div>
<div class="m-t-15"><span class="badge badge-pill badge-default">LoginPageTest</span>
<span class="badge badge-pill badge-default">OpencartAppTestRegressionSuite</span></div>
</div>
</div><div class="detail-body mt-4">
<table class="table table-sm">
  <thead><tr><th class="status-col">Status</th><th class="timestamp-col">Timestamp</th><th class="details-col">Details</th></tr></thead>
  <tbody>
      <tr class="event-row">
        <td><span class="badge log skip-bg">Skip</span></td>
        <td>9:14:55 am</td>
        <td>
          <textarea readonly class="code-block">org.openqa.selenium.TimeoutException: Expected condition failed: waiting for presence of element located by: By.id: Forgotten Password (tried for 5 second(s) with 500 milliseconds interval)
	at org.openqa.selenium.support.ui.WebDriverWait.timeoutException(WebDriverWait.java:87)
	at org.openqa.selenium.support.ui.FluentWait.until(FluentWait.java:231)
	at com.qa.opencart.utils.ElemenrUtil.waitForElementPresence(ElemenrUtil.java:362)
	at com.qa.opencart.pages.LoginPage.isForgotPasswordLinkExists(LoginPage.java:41)
	at com.qa.opencart.test.LoginPageTest.forgotPwdLinkExistTest(LoginPageTest.java:27)
	at java.base/jdk.internal.reflect.NativeMethodAccessorImpl.invoke0(Native Method)
	at java.base/jdk.internal.reflect.NativeMethodAccessorImpl.invoke(NativeMethodAccessorImpl.java:64)
	at java.base/jdk.internal.reflect.DelegatingMethodAccessorImpl.invoke(DelegatingMethodAccessorImpl.java:43)
	at java.base/java.lang.reflect.Method.invoke(Method.java:564)
	at org.testng.internal.MethodInvocationHelper.invokeMethod(MethodInvocationHelper.java:124)
	at org.testng.internal.Invoker.invokeMethod(Invoker.java:583)
	at org.testng.internal.Invoker.retryFailed(Invoker.java:839)
	at org.testng.internal.Invoker.invokeTestMethods(Invoker.java:1010)
	at org.testng.internal.TestMethodWorker.invokeTestMethods(TestMethodWorker.java:125)
	at org.testng.internal.TestMethodWorker.run(TestMethodWorker.java:109)
	at org.testng.TestRunner.privateRun(TestRunner.java:648)
	at org.testng.TestRunner.run(TestRunner.java:505)
	at org.testng.SuiteRunner.runTest(SuiteRunner.java:455)
	at org.testng.SuiteRunner.access$000(SuiteRunner.java:40)
	at org.testng.SuiteRunner$SuiteWorker.run(SuiteRunner.java:489)
	at org.testng.internal.thread.ThreadUtil$1.call(ThreadUtil.java:52)
	at java.base/java.util.concurrent.FutureTask.run(FutureTask.java:264)
	at java.base/java.util.concurrent.ThreadPoolExecutor.runWorker(ThreadPoolExecutor.java:1130)
	at java.base/java.util.concurrent.ThreadPoolExecutor$Worker.run(ThreadPoolExecutor.java:630)
	at java.base/java.lang.Thread.run(Thread.java:832)
Caused by: org.openqa.selenium.NoSuchElementException: no such element: Unable to locate element: {"method":"css selector","selector":"#Forgotten\ Password"}
  (Session info: chrome=104.0.5112.80)
For documentation on this error, please visit: https://selenium.dev/exceptions/#no_such_element
Build info: version: '4.2.1', revision: 'ac4d0fdd4a'
System info: host: 'DESKTOP-FB37VM8', ip: '192.168.100.5', os.name: 'Windows 10', os.arch: 'amd64', os.version: '10.0', java.version: '15.0.2'
Driver info: org.openqa.selenium.chrome.ChromeDriver
Command: [d8c9433a278567f2854bc380344354ac, findElement {using=id, value=Forgotten Password}]
Capabilities {acceptInsecureCerts: false, browserName: chrome, browserVersion: 104.0.5112.80, chrome: {chromedriverVersion: 104.0.5112.79 (3cf3e8c8a07d..., userDataDir: C:\Users\dines\AppData\Loca...}, goog:chromeOptions: {debuggerAddress: localhost:51087}, networkConnectionEnabled: false, pageLoadStrategy: normal, platformName: WINDOWS, proxy: Proxy(), se:cdp: ws://localhost:51087/devtoo..., se:cdpVersion: 104.0.5112.80, setWindowRect: true, strictFileInteractability: false, timeouts: {implicit: 0, pageLoad: 300000, script: 30000}, unhandledPromptBehavior: dismiss and notify, webauthn:extension:credBlob: true, webauthn:extension:largeBlob: true, webauthn:virtualAuthenticators: true}
Session ID: d8c9433a278567f2854bc380344354ac
	at jdk.internal.reflect.GeneratedConstructorAccessor19.newInstance(Unknown Source)
	at java.base/jdk.internal.reflect.DelegatingConstructorAccessorImpl.newInstance(DelegatingConstructorAccessorImpl.java:45)
	at java.base/java.lang.reflect.Constructor.newInstanceWithCaller(Constructor.java:500)
	at java.base/java.lang.reflect.Constructor.newInstance(Constructor.java:481)
	at org.openqa.selenium.remote.codec.w3c.W3CHttpResponseCodec.createException(W3CHttpResponseCodec.java:200)
	at org.openqa.selenium.remote.codec.w3c.W3CHttpResponseCodec.decode(W3CHttpResponseCodec.java:133)
	at org.openqa.selenium.remote.codec.w3c.W3CHttpResponseCodec.decode(W3CHttpResponseCodec.java:53)
	at org.openqa.selenium.remote.HttpCommandExecutor.execute(HttpCommandExecutor.java:184)
	at org.openqa.selenium.remote.service.DriverCommandExecutor.invokeExecute(DriverCommandExecutor.java:167)
	at org.openqa.selenium.remote.service.DriverCommandExecutor.execute(DriverCommandExecutor.java:142)
	at org.openqa.selenium.remote.RemoteWebDriver.execute(RemoteWebDriver.java:551)
	at org.openqa.selenium.remote.ElementLocation$ElementFinder$2.findElement(ElementLocation.java:162)
	at org.openqa.selenium.remote.ElementLocation.findElement(ElementLocation.java:60)
	at org.openqa.selenium.remote.RemoteWebDriver.findElement(RemoteWebDriver.java:369)
	at org.openqa.selenium.remote.RemoteWebDriver.findElement(RemoteWebDriver.java:361)
	at org.openqa.selenium.support.ui.ExpectedConditions$6.apply(ExpectedConditions.java:174)
	at org.openqa.selenium.support.ui.ExpectedConditions$6.apply(ExpectedConditions.java:171)
	at org.openqa.selenium.support.ui.FluentWait.until(FluentWait.java:208)
	... 23 more
</textarea>
          
    <div class="row mb-3"><div class="col-md-3">
<img data-featherlight='C:\Users\dines\eclipse-workspace\POMSeries/screenshot/forgotPwdLinkExistTest.png' src="C:\Users\dines\eclipse-workspace\POMSeries/screenshot/forgotPwdLinkExistTest.png">
    
    </div></div>
        </td>
      </tr>
  </tbody>
</table>
</div>
          </div>
        </li>
        <li class="test-item"  status="pass" test-id="9"
          author=""
          tag="ProductSearchTest OpencartAppTestRegressionSuite"
          device="">
          <div class="test-detail">
            <p class="name">productSearchTest</p>
            <p class="text-sm">
              <span>9:14:51 am</span> / <span>00:00:01:569</span>
              <span class="badge pass-bg log float-right">Pass</span>
            </p>
          </div>
          <div class="test-contents d-none">
<div class="detail-head">
<div class="p-v-10">
<div class="info">
<h5 class="test-status text-pass">productSearchTest</h5>
<span class='badge badge-success'>08.20.2022 9:14:51 am</span>
<span class='badge badge-danger'>08.20.2022 9:14:52 am</span>
<span class='badge badge-default'>00:00:01:569</span>
&middot; <span class='uri-anchor badge badge-default'>#test-id=9</span>
<span class='badge badge-default pointer float-right ml-1 et'><i class="fa fa-chevron-down"></i></span>
<span class='badge badge-default pointer float-right ct'><i class="fa fa-chevron-up"></i></span>
</div>
<div class="m-t-15"><span class="badge badge-pill badge-default">ProductSearchTest</span>
<span class="badge badge-pill badge-default">OpencartAppTestRegressionSuite</span></div>
</div>
</div><div class="detail-body mt-4">
<table class="table table-sm">
  <thead><tr><th class="status-col">Status</th><th class="timestamp-col">Timestamp</th><th class="details-col">Details</th></tr></thead>
  <tbody>
      <tr class="event-row">
        <td><span class="badge log pass-bg">Pass</span></td>
        <td>9:14:52 am</td>
        <td>
          Test passed
        </td>
      </tr>
  </tbody>
</table>
</div>
          </div>
        </li>
        <li class="test-item"  status="skip" test-id="10"
          author=""
          tag="LoginPageTest OpencartAppTestRegressionSuite"
          device="">
          <div class="test-detail">
            <p class="name">forgotPwdLinkExistTest</p>
            <p class="text-sm">
              <span>9:14:55 am</span> / <span>00:00:05:244</span>
              <span class="badge skip-bg log float-right">Skip</span>
            </p>
          </div>
          <div class="test-contents d-none">
<div class="detail-head">
<div class="p-v-10">
<div class="info">
<h5 class="test-status text-skip">forgotPwdLinkExistTest</h5>
<span class='badge badge-success'>08.20.2022 9:14:55 am</span>
<span class='badge badge-danger'>08.20.2022 9:15:01 am</span>
<span class='badge badge-default'>00:00:05:244</span>
&middot; <span class='uri-anchor badge badge-default'>#test-id=10</span>
<span class='badge badge-default pointer float-right ml-1 et'><i class="fa fa-chevron-down"></i></span>
<span class='badge badge-default pointer float-right ct'><i class="fa fa-chevron-up"></i></span>
</div>
<div class="m-t-15"><span class="badge badge-pill badge-default">LoginPageTest</span>
<span class="badge badge-pill badge-default">OpencartAppTestRegressionSuite</span></div>
</div>
</div><div class="detail-body mt-4">
<table class="table table-sm">
  <thead><tr><th class="status-col">Status</th><th class="timestamp-col">Timestamp</th><th class="details-col">Details</th></tr></thead>
  <tbody>
      <tr class="event-row">
        <td><span class="badge log skip-bg">Skip</span></td>
        <td>9:15:01 am</td>
        <td>
          <textarea readonly class="code-block">org.openqa.selenium.TimeoutException: Expected condition failed: waiting for presence of element located by: By.id: Forgotten Password (tried for 5 second(s) with 500 milliseconds interval)
	at org.openqa.selenium.support.ui.WebDriverWait.timeoutException(WebDriverWait.java:87)
	at org.openqa.selenium.support.ui.FluentWait.until(FluentWait.java:231)
	at com.qa.opencart.utils.ElemenrUtil.waitForElementPresence(ElemenrUtil.java:362)
	at com.qa.opencart.pages.LoginPage.isForgotPasswordLinkExists(LoginPage.java:41)
	at com.qa.opencart.test.LoginPageTest.forgotPwdLinkExistTest(LoginPageTest.java:27)
	at java.base/jdk.internal.reflect.NativeMethodAccessorImpl.invoke0(Native Method)
	at java.base/jdk.internal.reflect.NativeMethodAccessorImpl.invoke(NativeMethodAccessorImpl.java:64)
	at java.base/jdk.internal.reflect.DelegatingMethodAccessorImpl.invoke(DelegatingMethodAccessorImpl.java:43)
	at java.base/java.lang.reflect.Method.invoke(Method.java:564)
	at org.testng.internal.MethodInvocationHelper.invokeMethod(MethodInvocationHelper.java:124)
	at org.testng.internal.Invoker.invokeMethod(Invoker.java:583)
	at org.testng.internal.Invoker.retryFailed(Invoker.java:839)
	at org.testng.internal.Invoker.invokeTestMethods(Invoker.java:1010)
	at org.testng.internal.TestMethodWorker.invokeTestMethods(TestMethodWorker.java:125)
	at org.testng.internal.TestMethodWorker.run(TestMethodWorker.java:109)
	at org.testng.TestRunner.privateRun(TestRunner.java:648)
	at org.testng.TestRunner.run(TestRunner.java:505)
	at org.testng.SuiteRunner.runTest(SuiteRunner.java:455)
	at org.testng.SuiteRunner.access$000(SuiteRunner.java:40)
	at org.testng.SuiteRunner$SuiteWorker.run(SuiteRunner.java:489)
	at org.testng.internal.thread.ThreadUtil$1.call(ThreadUtil.java:52)
	at java.base/java.util.concurrent.FutureTask.run(FutureTask.java:264)
	at java.base/java.util.concurrent.ThreadPoolExecutor.runWorker(ThreadPoolExecutor.java:1130)
	at java.base/java.util.concurrent.ThreadPoolExecutor$Worker.run(ThreadPoolExecutor.java:630)
	at java.base/java.lang.Thread.run(Thread.java:832)
Caused by: org.openqa.selenium.NoSuchElementException: no such element: Unable to locate element: {"method":"css selector","selector":"#Forgotten\ Password"}
  (Session info: chrome=104.0.5112.80)
For documentation on this error, please visit: https://selenium.dev/exceptions/#no_such_element
Build info: version: '4.2.1', revision: 'ac4d0fdd4a'
System info: host: 'DESKTOP-FB37VM8', ip: '192.168.100.5', os.name: 'Windows 10', os.arch: 'amd64', os.version: '10.0', java.version: '15.0.2'
Driver info: org.openqa.selenium.chrome.ChromeDriver
Command: [d8c9433a278567f2854bc380344354ac, findElement {using=id, value=Forgotten Password}]
Capabilities {acceptInsecureCerts: false, browserName: chrome, browserVersion: 104.0.5112.80, chrome: {chromedriverVersion: 104.0.5112.79 (3cf3e8c8a07d..., userDataDir: C:\Users\dines\AppData\Loca...}, goog:chromeOptions: {debuggerAddress: localhost:51087}, networkConnectionEnabled: false, pageLoadStrategy: normal, platformName: WINDOWS, proxy: Proxy(), se:cdp: ws://localhost:51087/devtoo..., se:cdpVersion: 104.0.5112.80, setWindowRect: true, strictFileInteractability: false, timeouts: {implicit: 0, pageLoad: 300000, script: 30000}, unhandledPromptBehavior: dismiss and notify, webauthn:extension:credBlob: true, webauthn:extension:largeBlob: true, webauthn:virtualAuthenticators: true}
Session ID: d8c9433a278567f2854bc380344354ac
	at jdk.internal.reflect.GeneratedConstructorAccessor19.newInstance(Unknown Source)
	at java.base/jdk.internal.reflect.DelegatingConstructorAccessorImpl.newInstance(DelegatingConstructorAccessorImpl.java:45)
	at java.base/java.lang.reflect.Constructor.newInstanceWithCaller(Constructor.java:500)
	at java.base/java.lang.reflect.Constructor.newInstance(Constructor.java:481)
	at org.openqa.selenium.remote.codec.w3c.W3CHttpResponseCodec.createException(W3CHttpResponseCodec.java:200)
	at org.openqa.selenium.remote.codec.w3c.W3CHttpResponseCodec.decode(W3CHttpResponseCodec.java:133)
	at org.openqa.selenium.remote.codec.w3c.W3CHttpResponseCodec.decode(W3CHttpResponseCodec.java:53)
	at org.openqa.selenium.remote.HttpCommandExecutor.execute(HttpCommandExecutor.java:184)
	at org.openqa.selenium.remote.service.DriverCommandExecutor.invokeExecute(DriverCommandExecutor.java:167)
	at org.openqa.selenium.remote.service.DriverCommandExecutor.execute(DriverCommandExecutor.java:142)
	at org.openqa.selenium.remote.RemoteWebDriver.execute(RemoteWebDriver.java:551)
	at org.openqa.selenium.remote.ElementLocation$ElementFinder$2.findElement(ElementLocation.java:162)
	at org.openqa.selenium.remote.ElementLocation.findElement(ElementLocation.java:60)
	at org.openqa.selenium.remote.RemoteWebDriver.findElement(RemoteWebDriver.java:369)
	at org.openqa.selenium.remote.RemoteWebDriver.findElement(RemoteWebDriver.java:361)
	at org.openqa.selenium.support.ui.ExpectedConditions$6.apply(ExpectedConditions.java:174)
	at org.openqa.selenium.support.ui.ExpectedConditions$6.apply(ExpectedConditions.java:171)
	at org.openqa.selenium.support.ui.FluentWait.until(FluentWait.java:208)
	... 23 more
</textarea>
          
    <div class="row mb-3"><div class="col-md-3">
<img data-featherlight='C:\Users\dines\eclipse-workspace\POMSeries/screenshot/forgotPwdLinkExistTest.png' src="C:\Users\dines\eclipse-workspace\POMSeries/screenshot/forgotPwdLinkExistTest.png">
    
    </div></div>
        </td>
      </tr>
  </tbody>
</table>
</div>
          </div>
        </li>
        <li class="test-item"  status="fail" test-id="11"
          author=""
          tag="LoginPageTest OpencartAppTestRegressionSuite"
          device="">
          <div class="test-detail">
            <p class="name">forgotPwdLinkExistTest</p>
            <p class="text-sm">
              <span>9:15:01 am</span> / <span>00:00:05:215</span>
              <span class="badge fail-bg log float-right">Fail</span>
            </p>
          </div>
          <div class="test-contents d-none">
<div class="detail-head">
<div class="p-v-10">
<div class="info">
<h5 class="test-status text-fail">forgotPwdLinkExistTest</h5>
<span class='badge badge-success'>08.20.2022 9:15:01 am</span>
<span class='badge badge-danger'>08.20.2022 9:15:06 am</span>
<span class='badge badge-default'>00:00:05:215</span>
&middot; <span class='uri-anchor badge badge-default'>#test-id=11</span>
<span class='badge badge-default pointer float-right ml-1 et'><i class="fa fa-chevron-down"></i></span>
<span class='badge badge-default pointer float-right ct'><i class="fa fa-chevron-up"></i></span>
</div>
<div class="m-t-15"><span class="badge badge-pill badge-default">LoginPageTest</span>
<span class="badge badge-pill badge-default">OpencartAppTestRegressionSuite</span></div>
</div>
</div><div class="detail-body mt-4">
<table class="table table-sm">
  <thead><tr><th class="status-col">Status</th><th class="timestamp-col">Timestamp</th><th class="details-col">Details</th></tr></thead>
  <tbody>
      <tr class="event-row">
        <td><span class="badge log fail-bg">Fail</span></td>
        <td>9:15:06 am</td>
        <td>
          <textarea readonly class="code-block">org.openqa.selenium.TimeoutException: Expected condition failed: waiting for presence of element located by: By.id: Forgotten Password (tried for 5 second(s) with 500 milliseconds interval)
	at org.openqa.selenium.support.ui.WebDriverWait.timeoutException(WebDriverWait.java:87)
	at org.openqa.selenium.support.ui.FluentWait.until(FluentWait.java:231)
	at com.qa.opencart.utils.ElemenrUtil.waitForElementPresence(ElemenrUtil.java:362)
	at com.qa.opencart.pages.LoginPage.isForgotPasswordLinkExists(LoginPage.java:41)
	at com.qa.opencart.test.LoginPageTest.forgotPwdLinkExistTest(LoginPageTest.java:27)
	at java.base/jdk.internal.reflect.NativeMethodAccessorImpl.invoke0(Native Method)
	at java.base/jdk.internal.reflect.NativeMethodAccessorImpl.invoke(NativeMethodAccessorImpl.java:64)
	at java.base/jdk.internal.reflect.DelegatingMethodAccessorImpl.invoke(DelegatingMethodAccessorImpl.java:43)
	at java.base/java.lang.reflect.Method.invoke(Method.java:564)
	at org.testng.internal.MethodInvocationHelper.invokeMethod(MethodInvocationHelper.java:124)
	at org.testng.internal.Invoker.invokeMethod(Invoker.java:583)
	at org.testng.internal.Invoker.retryFailed(Invoker.java:839)
	at org.testng.internal.Invoker.invokeTestMethods(Invoker.java:1010)
	at org.testng.internal.TestMethodWorker.invokeTestMethods(TestMethodWorker.java:125)
	at org.testng.internal.TestMethodWorker.run(TestMethodWorker.java:109)
	at org.testng.TestRunner.privateRun(TestRunner.java:648)
	at org.testng.TestRunner.run(TestRunner.java:505)
	at org.testng.SuiteRunner.runTest(SuiteRunner.java:455)
	at org.testng.SuiteRunner.access$000(SuiteRunner.java:40)
	at org.testng.SuiteRunner$SuiteWorker.run(SuiteRunner.java:489)
	at org.testng.internal.thread.ThreadUtil$1.call(ThreadUtil.java:52)
	at java.base/java.util.concurrent.FutureTask.run(FutureTask.java:264)
	at java.base/java.util.concurrent.ThreadPoolExecutor.runWorker(ThreadPoolExecutor.java:1130)
	at java.base/java.util.concurrent.ThreadPoolExecutor$Worker.run(ThreadPoolExecutor.java:630)
	at java.base/java.lang.Thread.run(Thread.java:832)
Caused by: org.openqa.selenium.NoSuchElementException: no such element: Unable to locate element: {"method":"css selector","selector":"#Forgotten\ Password"}
  (Session info: chrome=104.0.5112.80)
For documentation on this error, please visit: https://selenium.dev/exceptions/#no_such_element
Build info: version: '4.2.1', revision: 'ac4d0fdd4a'
System info: host: 'DESKTOP-FB37VM8', ip: '192.168.100.5', os.name: 'Windows 10', os.arch: 'amd64', os.version: '10.0', java.version: '15.0.2'
Driver info: org.openqa.selenium.chrome.ChromeDriver
Command: [d8c9433a278567f2854bc380344354ac, findElement {using=id, value=Forgotten Password}]
Capabilities {acceptInsecureCerts: false, browserName: chrome, browserVersion: 104.0.5112.80, chrome: {chromedriverVersion: 104.0.5112.79 (3cf3e8c8a07d..., userDataDir: C:\Users\dines\AppData\Loca...}, goog:chromeOptions: {debuggerAddress: localhost:51087}, networkConnectionEnabled: false, pageLoadStrategy: normal, platformName: WINDOWS, proxy: Proxy(), se:cdp: ws://localhost:51087/devtoo..., se:cdpVersion: 104.0.5112.80, setWindowRect: true, strictFileInteractability: false, timeouts: {implicit: 0, pageLoad: 300000, script: 30000}, unhandledPromptBehavior: dismiss and notify, webauthn:extension:credBlob: true, webauthn:extension:largeBlob: true, webauthn:virtualAuthenticators: true}
Session ID: d8c9433a278567f2854bc380344354ac
	at jdk.internal.reflect.GeneratedConstructorAccessor19.newInstance(Unknown Source)
	at java.base/jdk.internal.reflect.DelegatingConstructorAccessorImpl.newInstance(DelegatingConstructorAccessorImpl.java:45)
	at java.base/java.lang.reflect.Constructor.newInstanceWithCaller(Constructor.java:500)
	at java.base/java.lang.reflect.Constructor.newInstance(Constructor.java:481)
	at org.openqa.selenium.remote.codec.w3c.W3CHttpResponseCodec.createException(W3CHttpResponseCodec.java:200)
	at org.openqa.selenium.remote.codec.w3c.W3CHttpResponseCodec.decode(W3CHttpResponseCodec.java:133)
	at org.openqa.selenium.remote.codec.w3c.W3CHttpResponseCodec.decode(W3CHttpResponseCodec.java:53)
	at org.openqa.selenium.remote.HttpCommandExecutor.execute(HttpCommandExecutor.java:184)
	at org.openqa.selenium.remote.service.DriverCommandExecutor.invokeExecute(DriverCommandExecutor.java:167)
	at org.openqa.selenium.remote.service.DriverCommandExecutor.execute(DriverCommandExecutor.java:142)
	at org.openqa.selenium.remote.RemoteWebDriver.execute(RemoteWebDriver.java:551)
	at org.openqa.selenium.remote.ElementLocation$ElementFinder$2.findElement(ElementLocation.java:162)
	at org.openqa.selenium.remote.ElementLocation.findElement(ElementLocation.java:60)
	at org.openqa.selenium.remote.RemoteWebDriver.findElement(RemoteWebDriver.java:369)
	at org.openqa.selenium.remote.RemoteWebDriver.findElement(RemoteWebDriver.java:361)
	at org.openqa.selenium.support.ui.ExpectedConditions$6.apply(ExpectedConditions.java:174)
	at org.openqa.selenium.support.ui.ExpectedConditions$6.apply(ExpectedConditions.java:171)
	at org.openqa.selenium.support.ui.FluentWait.until(FluentWait.java:208)
	... 23 more
</textarea>
          
    <div class="row mb-3"><div class="col-md-3">
<img data-featherlight='C:\Users\dines\eclipse-workspace\POMSeries/screenshot/forgotPwdLinkExistTest.png' src="C:\Users\dines\eclipse-workspace\POMSeries/screenshot/forgotPwdLinkExistTest.png">
    
    </div></div>
        </td>
      </tr>
  </tbody>
</table>
</div>
          </div>
        </li>
        <li class="test-item"  status="pass" test-id="12"
          author=""
          tag="LoginPageTest OpencartAppTestRegressionSuite"
          device="">
          <div class="test-detail">
            <p class="name">loginPageTitleTest</p>
            <p class="text-sm">
              <span>9:15:06 am</span> / <span>00:00:00:014</span>
              <span class="badge pass-bg log float-right">Pass</span>
            </p>
          </div>
          <div class="test-contents d-none">
<div class="detail-head">
<div class="p-v-10">
<div class="info">
<h5 class="test-status text-pass">loginPageTitleTest</h5>
<span class='badge badge-success'>08.20.2022 9:15:06 am</span>
<span class='badge badge-danger'>08.20.2022 9:15:06 am</span>
<span class='badge badge-default'>00:00:00:014</span>
&middot; <span class='uri-anchor badge badge-default'>#test-id=12</span>
<span class='badge badge-default pointer float-right ml-1 et'><i class="fa fa-chevron-down"></i></span>
<span class='badge badge-default pointer float-right ct'><i class="fa fa-chevron-up"></i></span>
</div>
<div class="m-t-15"><span class="badge badge-pill badge-default">LoginPageTest</span>
<span class="badge badge-pill badge-default">OpencartAppTestRegressionSuite</span></div>
</div>
</div><div class="detail-body mt-4">
<table class="table table-sm">
  <thead><tr><th class="status-col">Status</th><th class="timestamp-col">Timestamp</th><th class="details-col">Details</th></tr></thead>
  <tbody>
      <tr class="event-row">
        <td><span class="badge log pass-bg">Pass</span></td>
        <td>9:15:06 am</td>
        <td>
          Test passed
        </td>
      </tr>
  </tbody>
</table>
</div>
          </div>
        </li>
        <li class="test-item"  status="pass" test-id="13"
          author=""
          tag="LoginPageTest OpencartAppTestRegressionSuite"
          device="">
          <div class="test-detail">
            <p class="name">loginPageUrlTest</p>
            <p class="text-sm">
              <span>9:15:06 am</span> / <span>00:00:00:015</span>
              <span class="badge pass-bg log float-right">Pass</span>
            </p>
          </div>
          <div class="test-contents d-none">
<div class="detail-head">
<div class="p-v-10">
<div class="info">
<h5 class="test-status text-pass">loginPageUrlTest</h5>
<span class='badge badge-success'>08.20.2022 9:15:06 am</span>
<span class='badge badge-danger'>08.20.2022 9:15:06 am</span>
<span class='badge badge-default'>00:00:00:015</span>
&middot; <span class='uri-anchor badge badge-default'>#test-id=13</span>
<span class='badge badge-default pointer float-right ml-1 et'><i class="fa fa-chevron-down"></i></span>
<span class='badge badge-default pointer float-right ct'><i class="fa fa-chevron-up"></i></span>
</div>
<div class="m-t-15"><span class="badge badge-pill badge-default">LoginPageTest</span>
<span class="badge badge-pill badge-default">OpencartAppTestRegressionSuite</span></div>
</div>
</div><div class="detail-body mt-4">
<table class="table table-sm">
  <thead><tr><th class="status-col">Status</th><th class="timestamp-col">Timestamp</th><th class="details-col">Details</th></tr></thead>
  <tbody>
      <tr class="event-row">
        <td><span class="badge log pass-bg">Pass</span></td>
        <td>9:15:06 am</td>
        <td>
          Test passed
        </td>
      </tr>
  </tbody>
</table>
</div>
          </div>
        </li>
        <li class="test-item"  status="pass" test-id="14"
          author=""
          tag="LoginPageTest OpencartAppTestRegressionSuite"
          device="">
          <div class="test-detail">
            <p class="name">loginTest</p>
            <p class="text-sm">
              <span>9:15:06 am</span> / <span>00:00:03:625</span>
              <span class="badge pass-bg log float-right">Pass</span>
            </p>
          </div>
          <div class="test-contents d-none">
<div class="detail-head">
<div class="p-v-10">
<div class="info">
<h5 class="test-status text-pass">loginTest</h5>
<span class='badge badge-success'>08.20.2022 9:15:06 am</span>
<span class='badge badge-danger'>08.20.2022 9:15:10 am</span>
<span class='badge badge-default'>00:00:03:625</span>
&middot; <span class='uri-anchor badge badge-default'>#test-id=14</span>
<span class='badge badge-default pointer float-right ml-1 et'><i class="fa fa-chevron-down"></i></span>
<span class='badge badge-default pointer float-right ct'><i class="fa fa-chevron-up"></i></span>
</div>
<div class="m-t-15"><span class="badge badge-pill badge-default">LoginPageTest</span>
<span class="badge badge-pill badge-default">OpencartAppTestRegressionSuite</span></div>
</div>
</div><div class="detail-body mt-4">
<table class="table table-sm">
  <thead><tr><th class="status-col">Status</th><th class="timestamp-col">Timestamp</th><th class="details-col">Details</th></tr></thead>
  <tbody>
      <tr class="event-row">
        <td><span class="badge log pass-bg">Pass</span></td>
        <td>9:15:10 am</td>
        <td>
          Test passed
        </td>
      </tr>
  </tbody>
</table>
</div>
          </div>
        </li>
      </ul>
    </div>
  </div>
<div class="test-content scrollable">
<div class="test-content-tools">
<ul><li><a class="back-to-test" href="#"><i class="fa fa-arrow-left"></i></a></li></ul>
</div>
<div class="test-content-detail"><div class="detail-body"></div></div>
</div></div>
<div class="test-wrapper row view exception-view attributes-view">
<div class="test-list">
<div class="test-list-tools">
<ul class="tools pull-left"><li><a href=""><span class="font-size-14">Exception</span></a></li></ul>
<ul class="tools text-right"><li><a href="#"><span class="badge badge-primary">1</span></a></li></ul>
</div>
<div class="test-list-wrapper scrollable">
<ul class="test-list-item">
<li class="test-item">
<div class="test-detail">
<span class="meta">
<span class='badge log badge-danger'>1</span>
<span class='badge log badge-skip'>3</span>
</span>
<p class="name">org.openqa.selenium.TimeoutException</p>
<p class="duration text-sm">4 tests</p>
</div>
<div class="test-contents d-none">
<div class="info">
<h4>org.openqa.selenium.TimeoutException</h4>
<span status="fail" class='badge log badge-danger'>1 failed</span>
<span status="skip" class='badge log badge-skip'>3 skipped</span>
</div>
<table class='table table-sm mt-4'>
<thead>
<tr>
<th class="status-col">Status</th>
<th class="timestamp-col">Timestamp</th>
<th>TestName</th>
</tr>
</thead>
<tbody>
<tr class="tag-test-status" status="skip">
<td><span class="badge log skip-bg">Skip</span></td>
<td>09:14:45 am</td>
<td>
<a href="#" class="linked" test-id='2' id='2'>forgotPwdLinkExistTest</a>
</td>
</tr>
<tr class="tag-test-status" status="skip">
<td><span class="badge log skip-bg">Skip</span></td>
<td>09:14:50 am</td>
<td>
<a href="#" class="linked" test-id='8' id='8'>forgotPwdLinkExistTest</a>
</td>
</tr>
<tr class="tag-test-status" status="skip">
<td><span class="badge log skip-bg">Skip</span></td>
<td>09:14:55 am</td>
<td>
<a href="#" class="linked" test-id='10' id='10'>forgotPwdLinkExistTest</a>
</td>
</tr>
<tr class="tag-test-status" status="fail">
<td><span class="badge log fail-bg">Fail</span></td>
<td>09:15:01 am</td>
<td>
<a href="#" class="linked" test-id='11' id='11'>forgotPwdLinkExistTest</a>
</td>
</tr>
</tbody>
</table>
</div>
</li>
</ul>
</div>
</div>
<div class="test-content scrollable">
<div class="test-content-detail">
<div class="detail-body"></div>
</div>
</div>
</div><div class="test-wrapper row view category-view attributes-view">
<div class="test-list">
<div class="test-list-tools">
<ul class="tools pull-left"><li><a href=""><span class="font-size-14">Category</span></a></li></ul>
<ul class="tools text-right"><li><a href="#"><span class="badge badge-primary">4</span></a></li></ul>
</div>
<div class="test-list-wrapper scrollable">
<ul class="test-list-item">
<li class="test-item">
<div class="test-detail">
<span class="meta">
<span class='badge log pass-bg'>3</span>
<span class='badge log badge-danger'>1</span>
<span class='badge log badge-skip'>3</span>
</span>
<p class="name">LoginPageTest</p>
<p class="duration text-sm">7 tests</p>
</div>
<div class="test-contents d-none">
<div class="info">
<h4>LoginPageTest</h4>
<span status="pass" class='badge log pass-bg'>3 passed</span>
<span status="fail" class='badge log badge-danger'>1 failed</span>
<span status="skip" class='badge log badge-skip'>3 skipped</span>
</div>
<table class='table table-sm mt-4'>
<thead>
<tr>
<th class="status-col">Status</th>
<th class="timestamp-col">Timestamp</th>
<th>TestName</th>
</tr>
</thead>
<tbody>
<tr class="tag-test-status" status="skip">
<td><span class="badge log skip-bg">Skip</span></td>
<td>09:14:45 am</td>
<td>
<a href="#" class="linked" test-id='2' id='2'>forgotPwdLinkExistTest</a>
</td>
</tr>
<tr class="tag-test-status" status="skip">
<td><span class="badge log skip-bg">Skip</span></td>
<td>09:14:50 am</td>
<td>
<a href="#" class="linked" test-id='8' id='8'>forgotPwdLinkExistTest</a>
</td>
</tr>
<tr class="tag-test-status" status="skip">
<td><span class="badge log skip-bg">Skip</span></td>
<td>09:14:55 am</td>
<td>
<a href="#" class="linked" test-id='10' id='10'>forgotPwdLinkExistTest</a>
</td>
</tr>
<tr class="tag-test-status" status="fail">
<td><span class="badge log fail-bg">Fail</span></td>
<td>09:15:01 am</td>
<td>
<a href="#" class="linked" test-id='11' id='11'>forgotPwdLinkExistTest</a>
</td>
</tr>
<tr class="tag-test-status" status="pass">
<td><span class="badge log pass-bg">Pass</span></td>
<td>09:15:06 am</td>
<td>
<a href="#" class="linked" test-id='12' id='12'>loginPageTitleTest</a>
</td>
</tr>
<tr class="tag-test-status" status="pass">
<td><span class="badge log pass-bg">Pass</span></td>
<td>09:15:06 am</td>
<td>
<a href="#" class="linked" test-id='13' id='13'>loginPageUrlTest</a>
</td>
</tr>
<tr class="tag-test-status" status="pass">
<td><span class="badge log pass-bg">Pass</span></td>
<td>09:15:06 am</td>
<td>
<a href="#" class="linked" test-id='14' id='14'>loginTest</a>
</td>
</tr>
</tbody>
</table>
</div>
</li>
<li class="test-item">
<div class="test-detail">
<span class="meta">
<span class='badge log pass-bg'>10</span>
<span class='badge log badge-danger'>1</span>
<span class='badge log badge-skip'>3</span>
</span>
<p class="name">OpencartAppTestRegressionSuite</p>
<p class="duration text-sm">14 tests</p>
</div>
<div class="test-contents d-none">
<div class="info">
<h4>OpencartAppTestRegressionSuite</h4>
<span status="pass" class='badge log pass-bg'>10 passed</span>
<span status="fail" class='badge log badge-danger'>1 failed</span>
<span status="skip" class='badge log badge-skip'>3 skipped</span>
</div>
<table class='table table-sm mt-4'>
<thead>
<tr>
<th class="status-col">Status</th>
<th class="timestamp-col">Timestamp</th>
<th>TestName</th>
</tr>
</thead>
<tbody>
<tr class="tag-test-status" status="pass">
<td><span class="badge log pass-bg">Pass</span></td>
<td>09:14:44 am</td>
<td>
<a href="#" class="linked" test-id='1' id='1'>productInfoTest</a>
</td>
</tr>
<tr class="tag-test-status" status="skip">
<td><span class="badge log skip-bg">Skip</span></td>
<td>09:14:45 am</td>
<td>
<a href="#" class="linked" test-id='2' id='2'>forgotPwdLinkExistTest</a>
</td>
</tr>
<tr class="tag-test-status" status="pass">
<td><span class="badge log pass-bg">Pass</span></td>
<td>09:14:45 am</td>
<td>
<a href="#" class="linked" test-id='3' id='3'>accPageTitleExist</a>
</td>
</tr>
<tr class="tag-test-status" status="pass">
<td><span class="badge log pass-bg">Pass</span></td>
<td>09:14:45 am</td>
<td>
<a href="#" class="linked" test-id='4' id='4'>accpageHeadersTest</a>
</td>
</tr>
<tr class="tag-test-status" status="pass">
<td><span class="badge log pass-bg">Pass</span></td>
<td>09:14:45 am</td>
<td>
<a href="#" class="linked" test-id='5' id='5'>isLogoutLinkExist</a>
</td>
</tr>
<tr class="tag-test-status" status="pass">
<td><span class="badge log pass-bg">Pass</span></td>
<td>09:14:47 am</td>
<td>
<a href="#" class="linked" test-id='6' id='6'>productSearchTest</a>
</td>
</tr>
<tr class="tag-test-status" status="pass">
<td><span class="badge log pass-bg">Pass</span></td>
<td>09:14:49 am</td>
<td>
<a href="#" class="linked" test-id='7' id='7'>productSearchTest</a>
</td>
</tr>
<tr class="tag-test-status" status="skip">
<td><span class="badge log skip-bg">Skip</span></td>
<td>09:14:50 am</td>
<td>
<a href="#" class="linked" test-id='8' id='8'>forgotPwdLinkExistTest</a>
</td>
</tr>
<tr class="tag-test-status" status="pass">
<td><span class="badge log pass-bg">Pass</span></td>
<td>09:14:51 am</td>
<td>
<a href="#" class="linked" test-id='9' id='9'>productSearchTest</a>
</td>
</tr>
<tr class="tag-test-status" status="skip">
<td><span class="badge log skip-bg">Skip</span></td>
<td>09:14:55 am</td>
<td>
<a href="#" class="linked" test-id='10' id='10'>forgotPwdLinkExistTest</a>
</td>
</tr>
<tr class="tag-test-status" status="fail">
<td><span class="badge log fail-bg">Fail</span></td>
<td>09:15:01 am</td>
<td>
<a href="#" class="linked" test-id='11' id='11'>forgotPwdLinkExistTest</a>
</td>
</tr>
<tr class="tag-test-status" status="pass">
<td><span class="badge log pass-bg">Pass</span></td>
<td>09:15:06 am</td>
<td>
<a href="#" class="linked" test-id='12' id='12'>loginPageTitleTest</a>
</td>
</tr>
<tr class="tag-test-status" status="pass">
<td><span class="badge log pass-bg">Pass</span></td>
<td>09:15:06 am</td>
<td>
<a href="#" class="linked" test-id='13' id='13'>loginPageUrlTest</a>
</td>
</tr>
<tr class="tag-test-status" status="pass">
<td><span class="badge log pass-bg">Pass</span></td>
<td>09:15:06 am</td>
<td>
<a href="#" class="linked" test-id='14' id='14'>loginTest</a>
</td>
</tr>
</tbody>
</table>
</div>
</li>
<li class="test-item">
<div class="test-detail">
<span class="meta">
<span class='badge log pass-bg'>4</span>
</span>
<p class="name">ProductSearchTest</p>
<p class="duration text-sm">4 tests</p>
</div>
<div class="test-contents d-none">
<div class="info">
<h4>ProductSearchTest</h4>
<span status="pass" class='badge log pass-bg'>4 passed</span>
</div>
<table class='table table-sm mt-4'>
<thead>
<tr>
<th class="status-col">Status</th>
<th class="timestamp-col">Timestamp</th>
<th>TestName</th>
</tr>
</thead>
<tbody>
<tr class="tag-test-status" status="pass">
<td><span class="badge log pass-bg">Pass</span></td>
<td>09:14:44 am</td>
<td>
<a href="#" class="linked" test-id='1' id='1'>productInfoTest</a>
</td>
</tr>
<tr class="tag-test-status" status="pass">
<td><span class="badge log pass-bg">Pass</span></td>
<td>09:14:47 am</td>
<td>
<a href="#" class="linked" test-id='6' id='6'>productSearchTest</a>
</td>
</tr>
<tr class="tag-test-status" status="pass">
<td><span class="badge log pass-bg">Pass</span></td>
<td>09:14:49 am</td>
<td>
<a href="#" class="linked" test-id='7' id='7'>productSearchTest</a>
</td>
</tr>
<tr class="tag-test-status" status="pass">
<td><span class="badge log pass-bg">Pass</span></td>
<td>09:14:51 am</td>
<td>
<a href="#" class="linked" test-id='9' id='9'>productSearchTest</a>
</td>
</tr>
</tbody>
</table>
</div>
</li>
<li class="test-item">
<div class="test-detail">
<span class="meta">
<span class='badge log pass-bg'>3</span>
</span>
<p class="name">AccountsPageTest</p>
<p class="duration text-sm">3 tests</p>
</div>
<div class="test-contents d-none">
<div class="info">
<h4>AccountsPageTest</h4>
<span status="pass" class='badge log pass-bg'>3 passed</span>
</div>
<table class='table table-sm mt-4'>
<thead>
<tr>
<th class="status-col">Status</th>
<th class="timestamp-col">Timestamp</th>
<th>TestName</th>
</tr>
</thead>
<tbody>
<tr class="tag-test-status" status="pass">
<td><span class="badge log pass-bg">Pass</span></td>
<td>09:14:45 am</td>
<td>
<a href="#" class="linked" test-id='3' id='3'>accPageTitleExist</a>
</td>
</tr>
<tr class="tag-test-status" status="pass">
<td><span class="badge log pass-bg">Pass</span></td>
<td>09:14:45 am</td>
<td>
<a href="#" class="linked" test-id='4' id='4'>accpageHeadersTest</a>
</td>
</tr>
<tr class="tag-test-status" status="pass">
<td><span class="badge log pass-bg">Pass</span></td>
<td>09:14:45 am</td>
<td>
<a href="#" class="linked" test-id='5' id='5'>isLogoutLinkExist</a>
</td>
</tr>
</tbody>
</table>
</div>
</li>
</ul>
</div>
</div>
<div class="test-content scrollable">
<div class="test-content-detail">
<div class="detail-body"></div>
</div>
</div>
</div><div class="container-fluid p-4 view dashboard-view">
<div class="row">
<div class="col-md-3">
<div class="card"><div class="card-body">
<p class="m-b-0">Started</p>
<h3>Aug 20, 2022 09:14:34 am</h3>
</div></div>
</div>
<div class="col-md-3">
<div class="card"><div class="card-body">
<p class="m-b-0">Ended</p>
<h3>Aug 20, 2022 09:15:11 am</h3>
</div></div>
</div>
<div class="col-md-3">
<div class="card"><div class="card-body">
<p class="m-b-0 text-pass">Tests Passed</p>
<h3>10</h3>
</div></div>
</div>
<div class="col-md-3">
<div class="card"><div class="card-body">
<p class="m-b-0 text-fail">Tests Failed</p>
<h3>1</h3>
</div></div>
</div>
</div>
<div class="row">
<div class="col-md-6">
<div class="card">
<div class="card-header">
<h6 class="card-title">Tests</h6>
</div>
<div class="card-body">
<div class="">
<canvas id='parent-analysis' width='115' height='90'></canvas>
</div>
</div>
<div class="card-footer">
<div><small data-tooltip='71%'>
<b>10</b> tests passed
</small>
</div>
<div>
<small data-tooltip='7%'><b>1</b> tests failed,
<b>3</b> skipped, <b data-tooltip='0%'>0</b> others
</small>
</div>
</div>
</div>
</div>
<div class="col-md-6">
<div class="card">
<div class="card-header">
<h6 class="card-title">Log events</h6>
</div>
<div class="card-body">
<div class="">
<canvas id='events-analysis' width='115' height='90'></canvas>
</div>
</div>
<div class="card-footer">
<div><small data-tooltip='71%'><b>10</b> events passed</small></div>
<div>
<small data-tooltip='7%'><b>1</b> events failed,
<b data-tooltip='%'>3</b> others
</small>
</div>
</div>
</div>
</div>
</div>
<div class="row"><div class="col-md-12">
<div class="card"><div class="card-header"><p>Timeline</p></div>
<div class="card-body pt-0"><div>
<canvas id="timeline" height="120"></canvas>
</div></div>
</div>
</div></div>
<script>
var timeline = {
"productInfoTest":3.308,"forgotPwdLinkExistTest":5.159,"accPageTitleExist":0.015,"accpageHeadersTest":0.133,"isLogoutLinkExist":0.03,"productSearchTest":2.154,"productSearchTest":1.342,"forgotPwdLinkExistTest":5.258,"productSearchTest":1.569,"forgotPwdLinkExistTest":5.244,"forgotPwdLinkExistTest":5.215,"loginPageTitleTest":0.014,"loginPageUrlTest":0.015,"loginTest":3.625
};
</script>
<div class="row">
<div class="col-lg-6 col-md-12 category-container">
<div class="card">
<div class="card-header"><p>Tags</p></div>
<div class="card-body pb-0 pt-0"><table class="table table-sm table-bordered">
<thead><tr class="bg-gray"><th>Name</th><th>Passed</th><th>Failed</th><th>Skipped</th><th>Others</th><th>Passed %</th></tr></thead><tbody>
<tr>
<td>LoginPageTest</td>
<td>3</td>
<td>1</td>
<td>3</td>
<td>0</td>
<td>42.857%</td>
</tr>
<tr>
<td>OpencartAppTestRegressionSuite</td>
<td>10</td>
<td>1</td>
<td>3</td>
<td>0</td>
<td>71.429%</td>
</tr>
<tr>
<td>ProductSearchTest</td>
<td>4</td>
<td>0</td>
<td>0</td>
<td>0</td>
<td>100%</td>
</tr>
<tr>
<td>AccountsPageTest</td>
<td>3</td>
<td>0</td>
<td>0</td>
<td>0</td>
<td>100%</td>
</tr>
</tbody>
</table></div>
</div>
</div>
<div class="col-lg-6 col-md-12 sysenv-container">
<div class="card">
<div class="card-header"><p>System/Environment</p></div>
<div class="card-body pb-0 pt-0"><table class="table table-sm table-bordered">
<thead><tr class="bg-gray"><th>Name</th><th>Value</th></tr></thead>
<tbody>
<tr>
<td>System</td>
<td>MAC</td>
</tr>
<tr>
<td>Author</td>
<td>Naveen AutomationLabs</td>
</tr>
<tr>
<td>Build#</td>
<td>1.1</td>
</tr>
<tr>
<td>Team</td>
<td>OpenCart QA Team</td>
</tr>
<tr>
<td>Customer Name</td>
<td>NAL</td>
</tr>
</tbody>
</table></div>
</div>
</div>
</div>
</div>
<script>
var statusGroup = {
parentCount: 5,
passParent: 10,
failParent: 1,
warningParent: 0,
skipParent: 3,
childCount: 5,
passChild: 0,
failChild: 0,
warningChild: 0,
skipChild: 0,
infoChild: 0,
grandChildCount: 5,
passGrandChild: 0,
failGrandChild: 0,
warningGrandChild: 0,
skipGrandChild: 0,
infoGrandChild: 0,
eventsCount: 5,
passEvents: 10,
failEvents: 1,
warningEvents: 0,
skipEvents: 3,
infoEvents: 0
};
</script>        </div>
      </div>
    </div>
  </div>
<script src="https://cdn.jsdelivr.net/gh/extent-framework/extent-github-cdn@d6562a79075e061305ccfdb82f01e5e195e2d307/spark/js/spark-script.js"></script>
<script type="text/javascript"></script></body>
</html>